<?xml version="1.0" encoding="UTF-8"?>
<testsuite name="com.sleepz.onnoff.springboot.web.IndexControllerTest" tests="1" skipped="0" failures="0" errors="0" timestamp="2020-07-23T09:23:04" hostname="sleepz-office" time="0.167">
  <properties/>
  <testcase name="메인페이지_로딩" classname="com.sleepz.onnoff.springboot.web.IndexControllerTest" time="0.167"/>
  <system-out><![CDATA[2020-07-23 18:23:02.025  INFO 20316 --- [    Test worker] .b.t.c.SpringBootTestContextBootstrapper : Neither @ContextConfiguration nor @ContextHierarchy found for test class [com.sleepz.onnoff.springboot.web.IndexControllerTest], using SpringBootContextLoader
2020-07-23 18:23:02.026  INFO 20316 --- [    Test worker] o.s.t.c.support.AbstractContextLoader    : Could not detect default resource locations for test class [com.sleepz.onnoff.springboot.web.IndexControllerTest]: no resource found for suffixes {-context.xml, Context.groovy}.
2020-07-23 18:23:02.026  INFO 20316 --- [    Test worker] t.c.s.AnnotationConfigContextLoaderUtils : Could not detect default configuration classes for test class [com.sleepz.onnoff.springboot.web.IndexControllerTest]: IndexControllerTest does not declare any static, non-private, non-final, nested classes annotated with @Configuration.
2020-07-23 18:23:02.028  INFO 20316 --- [    Test worker] .b.t.c.SpringBootTestContextBootstrapper : Found @SpringBootConfiguration com.sleepz.onnoff.springboot.Application for test class com.sleepz.onnoff.springboot.web.IndexControllerTest
2020-07-23 18:23:02.029  INFO 20316 --- [    Test worker] .b.t.c.SpringBootTestContextBootstrapper : Loaded default TestExecutionListener class names from location [META-INF/spring.factories]: [org.springframework.security.test.context.support.WithSecurityContextTestExecutionListener, org.springframework.security.test.context.support.ReactorContextTestExecutionListener, org.springframework.boot.test.autoconfigure.restdocs.RestDocsTestExecutionListener, org.springframework.boot.test.autoconfigure.web.client.MockRestServiceServerResetTestExecutionListener, org.springframework.boot.test.autoconfigure.web.servlet.MockMvcPrintOnlyOnFailureTestExecutionListener, org.springframework.boot.test.autoconfigure.web.servlet.WebDriverTestExecutionListener, org.springframework.boot.test.mock.mockito.MockitoTestExecutionListener, org.springframework.boot.test.mock.mockito.ResetMocksTestExecutionListener, org.springframework.test.context.web.ServletTestExecutionListener, org.springframework.test.context.support.DirtiesContextBeforeModesTestExecutionListener, org.springframework.test.context.support.DependencyInjectionTestExecutionListener, org.springframework.test.context.support.DirtiesContextTestExecutionListener, org.springframework.test.context.transaction.TransactionalTestExecutionListener, org.springframework.test.context.jdbc.SqlScriptsTestExecutionListener]
2020-07-23 18:23:02.030  INFO 20316 --- [    Test worker] .b.t.c.SpringBootTestContextBootstrapper : Using TestExecutionListeners: [org.springframework.test.context.web.ServletTestExecutionListener@105c24e, org.springframework.test.context.support.DirtiesContextBeforeModesTestExecutionListener@1f8e74b, org.springframework.boot.test.mock.mockito.MockitoTestExecutionListener@1758f72, org.springframework.boot.test.autoconfigure.SpringBootDependencyInjectionTestExecutionListener@14acb16, org.springframework.test.context.support.DirtiesContextTestExecutionListener@b862c3, org.springframework.test.context.transaction.TransactionalTestExecutionListener@ba0fa0, org.springframework.test.context.jdbc.SqlScriptsTestExecutionListener@149165a, org.springframework.security.test.context.support.WithSecurityContextTestExecutionListener@6c681e, org.springframework.security.test.context.support.ReactorContextTestExecutionListener@185ad6a, org.springframework.boot.test.autoconfigure.restdocs.RestDocsTestExecutionListener@1d67cf5, org.springframework.boot.test.autoconfigure.web.client.MockRestServiceServerResetTestExecutionListener@dc4ad3, org.springframework.boot.test.autoconfigure.web.servlet.MockMvcPrintOnlyOnFailureTestExecutionListener@11debce, org.springframework.boot.test.autoconfigure.web.servlet.WebDriverTestExecutionListener@117f07a, org.springframework.boot.test.mock.mockito.ResetMocksTestExecutionListener@1c801f9]

  .   ____          _            __ _ _
 /\\ / ___'_ __ _ _(_)_ __  __ _ \ \ \ \
( ( )\___ | '_ | '_| | '_ \/ _` | \ \ \ \
 \\/  ___)| |_)| | | | | || (_| |  ) ) ) )
  '  |____| .__|_| |_|_| |_\__, | / / / /
 =========|_|==============|___/=/_/_/_/
 :: Spring Boot ::        (v2.1.9.RELEASE)

2020-07-23 18:23:02.067  INFO 20316 --- [    Test worker] c.s.o.s.web.IndexControllerTest          : Starting IndexControllerTest on sleepz-office with PID 20316 (started by sleepz in F:\spring\boottest)
2020-07-23 18:23:02.067  INFO 20316 --- [    Test worker] c.s.o.s.web.IndexControllerTest          : No active profile set, falling back to default profiles: default
2020-07-23 18:23:02.264  INFO 20316 --- [    Test worker] .s.d.r.c.RepositoryConfigurationDelegate : Bootstrapping Spring Data repositories in DEFAULT mode.
2020-07-23 18:23:02.280  INFO 20316 --- [    Test worker] .s.d.r.c.RepositoryConfigurationDelegate : Finished Spring Data repository scanning in 16ms. Found 2 repository interfaces.
2020-07-23 18:23:02.367  INFO 20316 --- [    Test worker] trationDelegate$BeanPostProcessorChecker : Bean 'org.springframework.transaction.annotation.ProxyTransactionManagementConfiguration' of type [org.springframework.transaction.annotation.ProxyTransactionManagementConfiguration$$EnhancerBySpringCGLIB$$cf1af312] is not eligible for getting processed by all BeanPostProcessors (for example: not eligible for auto-proxying)
2020-07-23 18:23:02.590  INFO 20316 --- [    Test worker] o.s.b.w.embedded.tomcat.TomcatWebServer  : Tomcat initialized with port(s): 0 (http)
2020-07-23 18:23:02.617  INFO 20316 --- [    Test worker] o.apache.catalina.core.StandardService   : Starting service [Tomcat]
2020-07-23 18:23:02.617  INFO 20316 --- [    Test worker] org.apache.catalina.core.StandardEngine  : Starting Servlet engine: [Apache Tomcat/9.0.26]
2020-07-23 18:23:02.814  INFO 20316 --- [    Test worker] o.a.c.c.C.[Tomcat].[localhost].[/]       : Initializing Spring embedded WebApplicationContext
2020-07-23 18:23:02.814  INFO 20316 --- [    Test worker] o.s.web.context.ContextLoader            : Root WebApplicationContext: initialization completed in 745 ms
2020-07-23 18:23:03.006  INFO 20316 --- [    Test worker] com.zaxxer.hikari.HikariDataSource       : HikariPool-2 - Starting...
2020-07-23 18:23:03.007  INFO 20316 --- [    Test worker] com.zaxxer.hikari.HikariDataSource       : HikariPool-2 - Start completed.
2020-07-23 18:23:03.040  INFO 20316 --- [    Test worker] o.hibernate.jpa.internal.util.LogHelper  : HHH000204: Processing PersistenceUnitInfo [
	name: default
	...]
2020-07-23 18:23:03.048  INFO 20316 --- [    Test worker] org.hibernate.dialect.Dialect            : HHH000400: Using dialect: org.hibernate.dialect.MySQL5InnoDBDialect
Hibernate: drop table if exists posts
Hibernate: drop table if exists user
Hibernate: create table posts (id bigint not null auto_increment, created_date datetime, modified_date datetime, author varchar(255), content TEXT not null, title varchar(500) not null, primary key (id)) engine=InnoDB
Hibernate: create table user (id bigint not null auto_increment, created_date datetime, modified_date datetime, email varchar(255) not null, name varchar(255) not null, picture varchar(255), role varchar(255) not null, primary key (id)) engine=InnoDB
2020-07-23 18:23:03.102  INFO 20316 --- [    Test worker] o.h.t.schema.internal.SchemaCreatorImpl  : HHH000476: Executing import script 'org.hibernate.tool.schema.internal.exec.ScriptSourceInputNonExistentImpl@1627390'
2020-07-23 18:23:03.102  INFO 20316 --- [    Test worker] j.LocalContainerEntityManagerFactoryBean : Initialized JPA EntityManagerFactory for persistence unit 'default'
2020-07-23 18:23:03.410  INFO 20316 --- [    Test worker] o.h.h.i.QueryTranslatorFactoryInitiator  : HHH000397: Using ASTQueryTranslatorFactory
2020-07-23 18:23:03.549  INFO 20316 --- [    Test worker] o.s.s.web.DefaultSecurityFilterChain     : Creating filter chain: any request, [org.springframework.security.web.context.request.async.WebAsyncManagerIntegrationFilter@954eed, org.springframework.security.web.context.SecurityContextPersistenceFilter@b6af8c, org.springframework.security.web.header.HeaderWriterFilter@1ad1be8, org.springframework.security.web.authentication.logout.LogoutFilter@70f5c1, org.springframework.security.oauth2.client.web.OAuth2AuthorizationRequestRedirectFilter@881f51, org.springframework.security.oauth2.client.web.OAuth2LoginAuthenticationFilter@1618583, org.springframework.security.web.authentication.ui.DefaultLoginPageGeneratingFilter@18de7f3, org.springframework.security.web.authentication.ui.DefaultLogoutPageGeneratingFilter@11e249b, org.springframework.security.web.savedrequest.RequestCacheAwareFilter@1e8a6da, org.springframework.security.web.servletapi.SecurityContextHolderAwareRequestFilter@18094, org.springframework.security.web.authentication.AnonymousAuthenticationFilter@15ec9fe, org.springframework.security.web.session.SessionManagementFilter@151d04f, org.springframework.security.web.access.ExceptionTranslationFilter@f66aba, org.springframework.security.web.access.intercept.FilterSecurityInterceptor@1c8435f]
2020-07-23 18:23:03.722  INFO 20316 --- [    Test worker] o.s.s.concurrent.ThreadPoolTaskExecutor  : Initializing ExecutorService 'applicationTaskExecutor'
2020-07-23 18:23:03.822  WARN 20316 --- [    Test worker] aWebConfiguration$JpaWebMvcConfiguration : spring.jpa.open-in-view is enabled by default. Therefore, database queries may be performed during view rendering. Explicitly configure spring.jpa.open-in-view to disable this warning
2020-07-23 18:23:03.848  INFO 20316 --- [    Test worker] o.s.b.a.w.s.WelcomePageHandlerMapping    : Adding welcome page template: index
2020-07-23 18:23:04.095  INFO 20316 --- [    Test worker] s.a.ScheduledAnnotationBeanPostProcessor : No TaskScheduler/ScheduledExecutorService bean found for scheduled processing
2020-07-23 18:23:04.111  INFO 20316 --- [    Test worker] o.s.b.w.embedded.tomcat.TomcatWebServer  : Tomcat started on port(s): 3856 (http) with context path ''
2020-07-23 18:23:04.112  INFO 20316 --- [    Test worker] c.s.o.s.web.IndexControllerTest          : Started IndexControllerTest in 2.08 seconds (JVM running for 12.192)
2020-07-23 18:23:04.196  INFO 20316 --- [o-auto-1-exec-1] o.a.c.c.C.[Tomcat].[localhost].[/]       : Initializing Spring DispatcherServlet 'dispatcherServlet'
2020-07-23 18:23:04.196  INFO 20316 --- [o-auto-1-exec-1] o.s.web.servlet.DispatcherServlet        : Initializing Servlet 'dispatcherServlet'
2020-07-23 18:23:04.217  INFO 20316 --- [o-auto-1-exec-1] o.s.web.servlet.DispatcherServlet        : Completed initialization in 21 ms
Hibernate: select posts0_.id as id1_0_, posts0_.created_date as created_2_0_, posts0_.modified_date as modified3_0_, posts0_.author as author4_0_, posts0_.content as content5_0_, posts0_.title as title6_0_ from posts posts0_ order by posts0_.id DESC
]]></system-out>
  <system-err><![CDATA[]]></system-err>
</testsuite>
