<?xml version="1.0" encoding="UTF-8"?>
<testsuite name="com.sleepz.onnoff.springboot.web.HelloControllerTest" tests="2" skipped="0" failures="0" errors="0" timestamp="2020-07-24T01:08:07" hostname="sleepz-office" time="0.176">
  <properties/>
  <testcase name="hello가_리턴된다" classname="com.sleepz.onnoff.springboot.web.HelloControllerTest" time="0.072"/>
  <testcase name="helloDto가_리턴된다" classname="com.sleepz.onnoff.springboot.web.HelloControllerTest" time="0.103"/>
  <system-out><![CDATA[2020-07-24 10:08:06.949  INFO 964 --- [    Test worker] .b.t.a.w.s.WebMvcTestContextBootstrapper : Neither @ContextConfiguration nor @ContextHierarchy found for test class [com.sleepz.onnoff.springboot.web.HelloControllerTest], using SpringBootContextLoader
2020-07-24 10:08:06.950  INFO 964 --- [    Test worker] o.s.t.c.support.AbstractContextLoader    : Could not detect default resource locations for test class [com.sleepz.onnoff.springboot.web.HelloControllerTest]: no resource found for suffixes {-context.xml, Context.groovy}.
2020-07-24 10:08:06.950  INFO 964 --- [    Test worker] t.c.s.AnnotationConfigContextLoaderUtils : Could not detect default configuration classes for test class [com.sleepz.onnoff.springboot.web.HelloControllerTest]: HelloControllerTest does not declare any static, non-private, non-final, nested classes annotated with @Configuration.
2020-07-24 10:08:06.973  INFO 964 --- [    Test worker] .b.t.c.SpringBootTestContextBootstrapper : Found @SpringBootConfiguration com.sleepz.onnoff.springboot.Application for test class com.sleepz.onnoff.springboot.web.HelloControllerTest
2020-07-24 10:08:06.974  INFO 964 --- [    Test worker] .b.t.a.w.s.WebMvcTestContextBootstrapper : Loaded default TestExecutionListener class names from location [META-INF/spring.factories]: [org.springframework.security.test.context.support.WithSecurityContextTestExecutionListener, org.springframework.security.test.context.support.ReactorContextTestExecutionListener, org.springframework.boot.test.autoconfigure.restdocs.RestDocsTestExecutionListener, org.springframework.boot.test.autoconfigure.web.client.MockRestServiceServerResetTestExecutionListener, org.springframework.boot.test.autoconfigure.web.servlet.MockMvcPrintOnlyOnFailureTestExecutionListener, org.springframework.boot.test.autoconfigure.web.servlet.WebDriverTestExecutionListener, org.springframework.boot.test.mock.mockito.MockitoTestExecutionListener, org.springframework.boot.test.mock.mockito.ResetMocksTestExecutionListener, org.springframework.test.context.web.ServletTestExecutionListener, org.springframework.test.context.support.DirtiesContextBeforeModesTestExecutionListener, org.springframework.test.context.support.DependencyInjectionTestExecutionListener, org.springframework.test.context.support.DirtiesContextTestExecutionListener, org.springframework.test.context.transaction.TransactionalTestExecutionListener, org.springframework.test.context.jdbc.SqlScriptsTestExecutionListener]
2020-07-24 10:08:06.974  INFO 964 --- [    Test worker] .b.t.a.w.s.WebMvcTestContextBootstrapper : Using TestExecutionListeners: [org.springframework.test.context.web.ServletTestExecutionListener@11f5c4c, org.springframework.test.context.support.DirtiesContextBeforeModesTestExecutionListener@17941d7, org.springframework.boot.test.mock.mockito.MockitoTestExecutionListener@b6b1ff, org.springframework.boot.test.autoconfigure.SpringBootDependencyInjectionTestExecutionListener@30cf73, org.springframework.test.context.support.DirtiesContextTestExecutionListener@1ee06c5, org.springframework.test.context.transaction.TransactionalTestExecutionListener@7e8456, org.springframework.test.context.jdbc.SqlScriptsTestExecutionListener@1f0e4af, org.springframework.security.test.context.support.WithSecurityContextTestExecutionListener@17bfe35, org.springframework.security.test.context.support.ReactorContextTestExecutionListener@b61671, org.springframework.boot.test.autoconfigure.restdocs.RestDocsTestExecutionListener@9c6205, org.springframework.boot.test.autoconfigure.web.client.MockRestServiceServerResetTestExecutionListener@fb39e5, org.springframework.boot.test.autoconfigure.web.servlet.MockMvcPrintOnlyOnFailureTestExecutionListener@5be119, org.springframework.boot.test.autoconfigure.web.servlet.WebDriverTestExecutionListener@e7b3d, org.springframework.boot.test.mock.mockito.ResetMocksTestExecutionListener@1f7b6b3]

  .   ____          _            __ _ _
 /\\ / ___'_ __ _ _(_)_ __  __ _ \ \ \ \
( ( )\___ | '_ | '_| | '_ \/ _` | \ \ \ \
 \\/  ___)| |_)| | | | | || (_| |  ) ) ) )
  '  |____| .__|_| |_|_| |_\__, | / / / /
 =========|_|==============|___/=/_/_/_/
 :: Spring Boot ::        (v2.1.9.RELEASE)

2020-07-24 10:08:07.015  INFO 964 --- [    Test worker] c.s.o.s.web.HelloControllerTest          : Starting HelloControllerTest on sleepz-office with PID 964 (started by sleepz in F:\spring\boottest)
2020-07-24 10:08:07.016  INFO 964 --- [    Test worker] c.s.o.s.web.HelloControllerTest          : No active profile set, falling back to default profiles: default
2020-07-24 10:08:07.481  INFO 964 --- [    Test worker] o.s.s.concurrent.ThreadPoolTaskExecutor  : Initializing ExecutorService 'applicationTaskExecutor'
2020-07-24 10:08:07.514  INFO 964 --- [    Test worker] o.s.b.a.w.s.WelcomePageHandlerMapping    : Adding welcome page template: index
2020-07-24 10:08:07.727  INFO 964 --- [    Test worker] .s.s.UserDetailsServiceAutoConfiguration : 

Using generated security password: 81e7f990-37b3-4809-98dd-80e93478ff55

2020-07-24 10:08:07.863  INFO 964 --- [    Test worker] o.s.s.web.DefaultSecurityFilterChain     : Creating filter chain: any request, [org.springframework.security.web.context.request.async.WebAsyncManagerIntegrationFilter@909ce8, org.springframework.security.web.context.SecurityContextPersistenceFilter@487c09, org.springframework.security.web.header.HeaderWriterFilter@1a50bce, org.springframework.security.web.csrf.CsrfFilter@18866d1, org.springframework.security.web.authentication.logout.LogoutFilter@c7a9db, org.springframework.security.web.authentication.UsernamePasswordAuthenticationFilter@342256, org.springframework.security.web.authentication.ui.DefaultLoginPageGeneratingFilter@c20ec4, org.springframework.security.web.authentication.ui.DefaultLogoutPageGeneratingFilter@ef117d, org.springframework.security.web.authentication.www.BasicAuthenticationFilter@1c6f602, org.springframework.security.web.savedrequest.RequestCacheAwareFilter@fec1fd, org.springframework.security.web.servletapi.SecurityContextHolderAwareRequestFilter@1bc5617, org.springframework.security.web.authentication.AnonymousAuthenticationFilter@539604, org.springframework.security.web.session.SessionManagementFilter@17749c5, org.springframework.security.web.access.ExceptionTranslationFilter@1333025, org.springframework.security.web.access.intercept.FilterSecurityInterceptor@1e7e8fa]
2020-07-24 10:08:07.897  INFO 964 --- [    Test worker] o.s.b.t.m.w.SpringBootMockServletContext : Initializing Spring TestDispatcherServlet ''
2020-07-24 10:08:07.897  INFO 964 --- [    Test worker] o.s.t.web.servlet.TestDispatcherServlet  : Initializing Servlet ''
2020-07-24 10:08:07.910  INFO 964 --- [    Test worker] o.s.t.web.servlet.TestDispatcherServlet  : Completed initialization in 12 ms
2020-07-24 10:08:07.940  INFO 964 --- [    Test worker] c.s.o.s.web.HelloControllerTest          : Started HelloControllerTest in 0.964 seconds (JVM running for 9.689)
]]></system-out>
  <system-err><![CDATA[]]></system-err>
</testsuite>
