<?xml version="1.0" encoding="UTF-8"?>
<testsuite name="com.sleepz.onnoff.springboot.web.PostsApiControllerTest" tests="2" skipped="0" failures="0" errors="0" timestamp="2020-07-23T09:23:04" hostname="sleepz-office" time="0.098">
  <properties/>
  <testcase name="Posts_등록된다" classname="com.sleepz.onnoff.springboot.web.PostsApiControllerTest" time="0.072"/>
  <testcase name="Posts_수정된다" classname="com.sleepz.onnoff.springboot.web.PostsApiControllerTest" time="0.025"/>
  <system-out><![CDATA[2020-07-23 18:23:04.288  INFO 20316 --- [    Test worker] .b.t.c.SpringBootTestContextBootstrapper : Neither @ContextConfiguration nor @ContextHierarchy found for test class [com.sleepz.onnoff.springboot.web.PostsApiControllerTest], using SpringBootContextLoader
2020-07-23 18:23:04.289  INFO 20316 --- [    Test worker] o.s.t.c.support.AbstractContextLoader    : Could not detect default resource locations for test class [com.sleepz.onnoff.springboot.web.PostsApiControllerTest]: no resource found for suffixes {-context.xml, Context.groovy}.
2020-07-23 18:23:04.289  INFO 20316 --- [    Test worker] t.c.s.AnnotationConfigContextLoaderUtils : Could not detect default configuration classes for test class [com.sleepz.onnoff.springboot.web.PostsApiControllerTest]: PostsApiControllerTest does not declare any static, non-private, non-final, nested classes annotated with @Configuration.
2020-07-23 18:23:04.290  INFO 20316 --- [    Test worker] .b.t.c.SpringBootTestContextBootstrapper : Found @SpringBootConfiguration com.sleepz.onnoff.springboot.Application for test class com.sleepz.onnoff.springboot.web.PostsApiControllerTest
2020-07-23 18:23:04.291  INFO 20316 --- [    Test worker] .b.t.c.SpringBootTestContextBootstrapper : Loaded default TestExecutionListener class names from location [META-INF/spring.factories]: [org.springframework.security.test.context.support.WithSecurityContextTestExecutionListener, org.springframework.security.test.context.support.ReactorContextTestExecutionListener, org.springframework.boot.test.autoconfigure.restdocs.RestDocsTestExecutionListener, org.springframework.boot.test.autoconfigure.web.client.MockRestServiceServerResetTestExecutionListener, org.springframework.boot.test.autoconfigure.web.servlet.MockMvcPrintOnlyOnFailureTestExecutionListener, org.springframework.boot.test.autoconfigure.web.servlet.WebDriverTestExecutionListener, org.springframework.boot.test.mock.mockito.MockitoTestExecutionListener, org.springframework.boot.test.mock.mockito.ResetMocksTestExecutionListener, org.springframework.test.context.web.ServletTestExecutionListener, org.springframework.test.context.support.DirtiesContextBeforeModesTestExecutionListener, org.springframework.test.context.support.DependencyInjectionTestExecutionListener, org.springframework.test.context.support.DirtiesContextTestExecutionListener, org.springframework.test.context.transaction.TransactionalTestExecutionListener, org.springframework.test.context.jdbc.SqlScriptsTestExecutionListener]
2020-07-23 18:23:04.292  INFO 20316 --- [    Test worker] .b.t.c.SpringBootTestContextBootstrapper : Using TestExecutionListeners: [org.springframework.test.context.web.ServletTestExecutionListener@19b96d2, org.springframework.test.context.support.DirtiesContextBeforeModesTestExecutionListener@16df754, org.springframework.boot.test.mock.mockito.MockitoTestExecutionListener@96682, org.springframework.boot.test.autoconfigure.SpringBootDependencyInjectionTestExecutionListener@c9a8c9, org.springframework.test.context.support.DirtiesContextTestExecutionListener@16b9644, org.springframework.test.context.transaction.TransactionalTestExecutionListener@18e12ea, org.springframework.test.context.jdbc.SqlScriptsTestExecutionListener@365bef, org.springframework.security.test.context.support.WithSecurityContextTestExecutionListener@15e2680, org.springframework.security.test.context.support.ReactorContextTestExecutionListener@fe47d9, org.springframework.boot.test.autoconfigure.restdocs.RestDocsTestExecutionListener@1801dee, org.springframework.boot.test.autoconfigure.web.client.MockRestServiceServerResetTestExecutionListener@149da52, org.springframework.boot.test.autoconfigure.web.servlet.MockMvcPrintOnlyOnFailureTestExecutionListener@1a79f9d, org.springframework.boot.test.autoconfigure.web.servlet.WebDriverTestExecutionListener@199c93f, org.springframework.boot.test.mock.mockito.ResetMocksTestExecutionListener@9dcd8f]
2020-07-23 18:23:04.302  INFO 20316 --- [    Test worker] o.a.c.c.C.[Tomcat].[localhost].[/]       : Initializing Spring TestDispatcherServlet ''
2020-07-23 18:23:04.302  INFO 20316 --- [    Test worker] o.s.t.web.servlet.TestDispatcherServlet  : Initializing Servlet ''
2020-07-23 18:23:04.305  INFO 20316 --- [    Test worker] o.s.t.web.servlet.TestDispatcherServlet  : Completed initialization in 3 ms
Hibernate: insert into posts (created_date, modified_date, author, content, title) values (?, ?, ?, ?, ?)
Hibernate: select posts0_.id as id1_0_, posts0_.created_date as created_2_0_, posts0_.modified_date as modified3_0_, posts0_.author as author4_0_, posts0_.content as content5_0_, posts0_.title as title6_0_ from posts posts0_
Hibernate: select posts0_.id as id1_0_, posts0_.created_date as created_2_0_, posts0_.modified_date as modified3_0_, posts0_.author as author4_0_, posts0_.content as content5_0_, posts0_.title as title6_0_ from posts posts0_
Hibernate: delete from posts where id=?
2020-07-23 18:23:04.372  INFO 20316 --- [    Test worker] o.a.c.c.C.[Tomcat].[localhost].[/]       : Initializing Spring TestDispatcherServlet ''
2020-07-23 18:23:04.372  INFO 20316 --- [    Test worker] o.s.t.web.servlet.TestDispatcherServlet  : Initializing Servlet ''
2020-07-23 18:23:04.375  INFO 20316 --- [    Test worker] o.s.t.web.servlet.TestDispatcherServlet  : Completed initialization in 3 ms
Hibernate: insert into posts (created_date, modified_date, author, content, title) values (?, ?, ?, ?, ?)
Hibernate: select posts0_.id as id1_0_0_, posts0_.created_date as created_2_0_0_, posts0_.modified_date as modified3_0_0_, posts0_.author as author4_0_0_, posts0_.content as content5_0_0_, posts0_.title as title6_0_0_ from posts posts0_ where posts0_.id=?
Hibernate: update posts set created_date=?, modified_date=?, author=?, content=?, title=? where id=?
Hibernate: select posts0_.id as id1_0_, posts0_.created_date as created_2_0_, posts0_.modified_date as modified3_0_, posts0_.author as author4_0_, posts0_.content as content5_0_, posts0_.title as title6_0_ from posts posts0_
Hibernate: select posts0_.id as id1_0_, posts0_.created_date as created_2_0_, posts0_.modified_date as modified3_0_, posts0_.author as author4_0_, posts0_.content as content5_0_, posts0_.title as title6_0_ from posts posts0_
Hibernate: delete from posts where id=?
]]></system-out>
  <system-err><![CDATA[]]></system-err>
</testsuite>
