<?xml version="1.0" encoding="UTF-8"?>
<testsuite name="com.sleepz.onnoff.springboot.domain.posts.PostsRepositoryTest" tests="2" skipped="0" failures="0" errors="0" timestamp="2020-07-23T09:23:00" hostname="sleepz-office" time="0.255">
  <properties/>
  <testcase name="게시글저장_불러오기" classname="com.sleepz.onnoff.springboot.domain.posts.PostsRepositoryTest" time="0.246"/>
  <testcase name="BaseTimeEntity_등록" classname="com.sleepz.onnoff.springboot.domain.posts.PostsRepositoryTest" time="0.009"/>
  <system-out><![CDATA[18:22:54.539 [Test worker] DEBUG org.springframework.test.context.junit4.SpringJUnit4ClassRunner - SpringJUnit4ClassRunner constructor called with [class com.sleepz.onnoff.springboot.domain.posts.PostsRepositoryTest]
18:22:54.547 [Test worker] DEBUG org.springframework.test.context.BootstrapUtils - Instantiating CacheAwareContextLoaderDelegate from class [org.springframework.test.context.cache.DefaultCacheAwareContextLoaderDelegate]
18:22:54.556 [Test worker] DEBUG org.springframework.test.context.BootstrapUtils - Instantiating BootstrapContext using constructor [public org.springframework.test.context.support.DefaultBootstrapContext(java.lang.Class,org.springframework.test.context.CacheAwareContextLoaderDelegate)]
18:22:54.575 [Test worker] DEBUG org.springframework.test.context.BootstrapUtils - Instantiating TestContextBootstrapper for test class [com.sleepz.onnoff.springboot.domain.posts.PostsRepositoryTest] from class [org.springframework.boot.test.context.SpringBootTestContextBootstrapper]
18:22:54.591 [Test worker] INFO org.springframework.boot.test.context.SpringBootTestContextBootstrapper - Neither @ContextConfiguration nor @ContextHierarchy found for test class [com.sleepz.onnoff.springboot.domain.posts.PostsRepositoryTest], using SpringBootContextLoader
18:22:54.594 [Test worker] DEBUG org.springframework.test.context.support.AbstractContextLoader - Did not detect default resource location for test class [com.sleepz.onnoff.springboot.domain.posts.PostsRepositoryTest]: class path resource [com/sleepz/onnoff/springboot/domain/posts/PostsRepositoryTest-context.xml] does not exist
18:22:54.595 [Test worker] DEBUG org.springframework.test.context.support.AbstractContextLoader - Did not detect default resource location for test class [com.sleepz.onnoff.springboot.domain.posts.PostsRepositoryTest]: class path resource [com/sleepz/onnoff/springboot/domain/posts/PostsRepositoryTestContext.groovy] does not exist
18:22:54.595 [Test worker] INFO org.springframework.test.context.support.AbstractContextLoader - Could not detect default resource locations for test class [com.sleepz.onnoff.springboot.domain.posts.PostsRepositoryTest]: no resource found for suffixes {-context.xml, Context.groovy}.
18:22:54.596 [Test worker] INFO org.springframework.test.context.support.AnnotationConfigContextLoaderUtils - Could not detect default configuration classes for test class [com.sleepz.onnoff.springboot.domain.posts.PostsRepositoryTest]: PostsRepositoryTest does not declare any static, non-private, non-final, nested classes annotated with @Configuration.
18:22:54.646 [Test worker] DEBUG org.springframework.test.context.support.ActiveProfilesUtils - Could not find an 'annotation declaring class' for annotation type [org.springframework.test.context.ActiveProfiles] and class [com.sleepz.onnoff.springboot.domain.posts.PostsRepositoryTest]
18:22:54.723 [Test worker] DEBUG org.springframework.context.annotation.ClassPathScanningCandidateComponentProvider - Identified candidate component class: file [F:\spring\boottest\build\classes\java\main\com\sleepz\onnoff\springboot\Application.class]
18:22:54.724 [Test worker] INFO org.springframework.boot.test.context.SpringBootTestContextBootstrapper - Found @SpringBootConfiguration com.sleepz.onnoff.springboot.Application for test class com.sleepz.onnoff.springboot.domain.posts.PostsRepositoryTest
18:22:54.862 [Test worker] DEBUG org.springframework.boot.test.context.SpringBootTestContextBootstrapper - @TestExecutionListeners is not present for class [com.sleepz.onnoff.springboot.domain.posts.PostsRepositoryTest]: using defaults.
18:22:54.862 [Test worker] INFO org.springframework.boot.test.context.SpringBootTestContextBootstrapper - Loaded default TestExecutionListener class names from location [META-INF/spring.factories]: [org.springframework.security.test.context.support.WithSecurityContextTestExecutionListener, org.springframework.security.test.context.support.ReactorContextTestExecutionListener, org.springframework.boot.test.autoconfigure.restdocs.RestDocsTestExecutionListener, org.springframework.boot.test.autoconfigure.web.client.MockRestServiceServerResetTestExecutionListener, org.springframework.boot.test.autoconfigure.web.servlet.MockMvcPrintOnlyOnFailureTestExecutionListener, org.springframework.boot.test.autoconfigure.web.servlet.WebDriverTestExecutionListener, org.springframework.boot.test.mock.mockito.MockitoTestExecutionListener, org.springframework.boot.test.mock.mockito.ResetMocksTestExecutionListener, org.springframework.test.context.web.ServletTestExecutionListener, org.springframework.test.context.support.DirtiesContextBeforeModesTestExecutionListener, org.springframework.test.context.support.DependencyInjectionTestExecutionListener, org.springframework.test.context.support.DirtiesContextTestExecutionListener, org.springframework.test.context.transaction.TransactionalTestExecutionListener, org.springframework.test.context.jdbc.SqlScriptsTestExecutionListener]
18:22:54.896 [Test worker] INFO org.springframework.boot.test.context.SpringBootTestContextBootstrapper - Using TestExecutionListeners: [org.springframework.test.context.web.ServletTestExecutionListener@a5d5e4, org.springframework.test.context.support.DirtiesContextBeforeModesTestExecutionListener@f4433d, org.springframework.boot.test.mock.mockito.MockitoTestExecutionListener@1d626e9, org.springframework.boot.test.autoconfigure.SpringBootDependencyInjectionTestExecutionListener@2218fc, org.springframework.test.context.support.DirtiesContextTestExecutionListener@caf7e9, org.springframework.test.context.transaction.TransactionalTestExecutionListener@c5bd26, org.springframework.test.context.jdbc.SqlScriptsTestExecutionListener@c222b9, org.springframework.security.test.context.support.WithSecurityContextTestExecutionListener@b73365, org.springframework.security.test.context.support.ReactorContextTestExecutionListener@1f7e7e5, org.springframework.boot.test.autoconfigure.restdocs.RestDocsTestExecutionListener@765e30, org.springframework.boot.test.autoconfigure.web.client.MockRestServiceServerResetTestExecutionListener@1d66ead, org.springframework.boot.test.autoconfigure.web.servlet.MockMvcPrintOnlyOnFailureTestExecutionListener@b55ae9, org.springframework.boot.test.autoconfigure.web.servlet.WebDriverTestExecutionListener@15715, org.springframework.boot.test.mock.mockito.ResetMocksTestExecutionListener@5a0bbb]
18:22:54.899 [Test worker] DEBUG org.springframework.test.annotation.ProfileValueUtils - Retrieved @ProfileValueSourceConfiguration [null] for test class [com.sleepz.onnoff.springboot.domain.posts.PostsRepositoryTest]
18:22:54.900 [Test worker] DEBUG org.springframework.test.annotation.ProfileValueUtils - Retrieved ProfileValueSource type [class org.springframework.test.annotation.SystemProfileValueSource] for class [com.sleepz.onnoff.springboot.domain.posts.PostsRepositoryTest]
18:22:54.900 [Test worker] DEBUG org.springframework.test.annotation.ProfileValueUtils - Retrieved @ProfileValueSourceConfiguration [null] for test class [com.sleepz.onnoff.springboot.domain.posts.PostsRepositoryTest]
18:22:54.900 [Test worker] DEBUG org.springframework.test.annotation.ProfileValueUtils - Retrieved ProfileValueSource type [class org.springframework.test.annotation.SystemProfileValueSource] for class [com.sleepz.onnoff.springboot.domain.posts.PostsRepositoryTest]
18:22:54.906 [Test worker] DEBUG org.springframework.test.context.support.AbstractDirtiesContextTestExecutionListener - Before test class: context [DefaultTestContext@2a9903 testClass = PostsRepositoryTest, testInstance = [null], testMethod = [null], testException = [null], mergedContextConfiguration = [WebMergedContextConfiguration@a074d0 testClass = PostsRepositoryTest, locations = '{}', classes = '{class com.sleepz.onnoff.springboot.Application}', contextInitializerClasses = '[]', activeProfiles = '{}', propertySourceLocations = '{}', propertySourceProperties = '{org.springframework.boot.test.context.SpringBootTestContextBootstrapper=true}', contextCustomizers = set[org.springframework.boot.test.autoconfigure.properties.PropertyMappingContextCustomizer@0, org.springframework.boot.test.autoconfigure.web.servlet.WebDriverContextCustomizerFactory$Customizer@163c3e5, org.springframework.boot.test.context.filter.ExcludeFilterContextCustomizer@180fbc1, org.springframework.boot.test.json.DuplicateJsonObjectContextCustomizerFactory$DuplicateJsonObjectContextCustomizer@1041093, org.springframework.boot.test.mock.mockito.MockitoContextCustomizer@0, org.springframework.boot.test.web.client.TestRestTemplateContextCustomizer@82b513], resourceBasePath = 'src/main/webapp', contextLoader = 'org.springframework.boot.test.context.SpringBootContextLoader', parent = [null]], attributes = map['org.springframework.test.context.web.ServletTestExecutionListener.activateListener' -> true]], class annotated with @DirtiesContext [false] with mode [null].
18:22:54.907 [Test worker] DEBUG org.springframework.test.annotation.ProfileValueUtils - Retrieved @ProfileValueSourceConfiguration [null] for test class [com.sleepz.onnoff.springboot.domain.posts.PostsRepositoryTest]
18:22:54.907 [Test worker] DEBUG org.springframework.test.annotation.ProfileValueUtils - Retrieved ProfileValueSource type [class org.springframework.test.annotation.SystemProfileValueSource] for class [com.sleepz.onnoff.springboot.domain.posts.PostsRepositoryTest]
18:22:54.938 [Test worker] DEBUG org.springframework.test.context.support.TestPropertySourceUtils - Adding inlined properties to environment: {spring.jmx.enabled=false, org.springframework.boot.test.context.SpringBootTestContextBootstrapper=true, server.port=-1}

  .   ____          _            __ _ _
 /\\ / ___'_ __ _ _(_)_ __  __ _ \ \ \ \
( ( )\___ | '_ | '_| | '_ \/ _` | \ \ \ \
 \\/  ___)| |_)| | | | | || (_| |  ) ) ) )
  '  |____| .__|_| |_|_| |_\__, | / / / /
 =========|_|==============|___/=/_/_/_/
 :: Spring Boot ::        (v2.1.9.RELEASE)

2020-07-23 18:22:55.230  INFO 20316 --- [    Test worker] c.s.o.s.d.posts.PostsRepositoryTest      : Starting PostsRepositoryTest on sleepz-office with PID 20316 (started by sleepz in F:\spring\boottest)
2020-07-23 18:22:55.234  INFO 20316 --- [    Test worker] c.s.o.s.d.posts.PostsRepositoryTest      : No active profile set, falling back to default profiles: default
2020-07-23 18:22:56.064  INFO 20316 --- [    Test worker] .s.d.r.c.RepositoryConfigurationDelegate : Bootstrapping Spring Data repositories in DEFAULT mode.
2020-07-23 18:22:56.142  INFO 20316 --- [    Test worker] .s.d.r.c.RepositoryConfigurationDelegate : Finished Spring Data repository scanning in 69ms. Found 2 repository interfaces.
2020-07-23 18:22:56.670  INFO 20316 --- [    Test worker] trationDelegate$BeanPostProcessorChecker : Bean 'org.springframework.transaction.annotation.ProxyTransactionManagementConfiguration' of type [org.springframework.transaction.annotation.ProxyTransactionManagementConfiguration$$EnhancerBySpringCGLIB$$cf1af312] is not eligible for getting processed by all BeanPostProcessors (for example: not eligible for auto-proxying)
2020-07-23 18:22:56.891  INFO 20316 --- [    Test worker] com.zaxxer.hikari.HikariDataSource       : HikariPool-1 - Starting...
2020-07-23 18:22:57.072  INFO 20316 --- [    Test worker] com.zaxxer.hikari.HikariDataSource       : HikariPool-1 - Start completed.
2020-07-23 18:22:57.169  INFO 20316 --- [    Test worker] o.hibernate.jpa.internal.util.LogHelper  : HHH000204: Processing PersistenceUnitInfo [
	name: default
	...]
2020-07-23 18:22:57.250  INFO 20316 --- [    Test worker] org.hibernate.Version                    : HHH000412: Hibernate Core {5.3.12.Final}
2020-07-23 18:22:57.252  INFO 20316 --- [    Test worker] org.hibernate.cfg.Environment            : HHH000206: hibernate.properties not found
2020-07-23 18:22:57.439  INFO 20316 --- [    Test worker] o.hibernate.annotations.common.Version   : HCANN000001: Hibernate Commons Annotations {5.0.4.Final}
2020-07-23 18:22:57.604  INFO 20316 --- [    Test worker] org.hibernate.dialect.Dialect            : HHH000400: Using dialect: org.hibernate.dialect.MySQL5InnoDBDialect
Hibernate: drop table if exists posts
Hibernate: drop table if exists user
Hibernate: create table posts (id bigint not null auto_increment, created_date datetime, modified_date datetime, author varchar(255), content TEXT not null, title varchar(500) not null, primary key (id)) engine=InnoDB
Hibernate: create table user (id bigint not null auto_increment, created_date datetime, modified_date datetime, email varchar(255) not null, name varchar(255) not null, picture varchar(255), role varchar(255) not null, primary key (id)) engine=InnoDB
2020-07-23 18:22:58.448  INFO 20316 --- [    Test worker] o.h.t.schema.internal.SchemaCreatorImpl  : HHH000476: Executing import script 'org.hibernate.tool.schema.internal.exec.ScriptSourceInputNonExistentImpl@1627390'
2020-07-23 18:22:58.452  INFO 20316 --- [    Test worker] j.LocalContainerEntityManagerFactoryBean : Initialized JPA EntityManagerFactory for persistence unit 'default'
2020-07-23 18:22:59.060  INFO 20316 --- [    Test worker] o.h.h.i.QueryTranslatorFactoryInitiator  : HHH000397: Using ASTQueryTranslatorFactory
2020-07-23 18:22:59.541  INFO 20316 --- [    Test worker] o.s.s.web.DefaultSecurityFilterChain     : Creating filter chain: any request, [org.springframework.security.web.context.request.async.WebAsyncManagerIntegrationFilter@1ae06be, org.springframework.security.web.context.SecurityContextPersistenceFilter@1fe6d33, org.springframework.security.web.header.HeaderWriterFilter@1f6421d, org.springframework.security.web.authentication.logout.LogoutFilter@a129a2, org.springframework.security.oauth2.client.web.OAuth2AuthorizationRequestRedirectFilter@d09fb2, org.springframework.security.oauth2.client.web.OAuth2LoginAuthenticationFilter@615a56, org.springframework.security.web.authentication.ui.DefaultLoginPageGeneratingFilter@c1e4ba, org.springframework.security.web.authentication.ui.DefaultLogoutPageGeneratingFilter@123578, org.springframework.security.web.savedrequest.RequestCacheAwareFilter@1951c7f, org.springframework.security.web.servletapi.SecurityContextHolderAwareRequestFilter@14f0941, org.springframework.security.web.authentication.AnonymousAuthenticationFilter@43e1c, org.springframework.security.web.session.SessionManagementFilter@33a7e1, org.springframework.security.web.access.ExceptionTranslationFilter@a5ba91, org.springframework.security.web.access.intercept.FilterSecurityInterceptor@1260a6d]
2020-07-23 18:23:00.097  INFO 20316 --- [    Test worker] o.s.s.concurrent.ThreadPoolTaskExecutor  : Initializing ExecutorService 'applicationTaskExecutor'
2020-07-23 18:23:00.151  WARN 20316 --- [    Test worker] aWebConfiguration$JpaWebMvcConfiguration : spring.jpa.open-in-view is enabled by default. Therefore, database queries may be performed during view rendering. Explicitly configure spring.jpa.open-in-view to disable this warning
2020-07-23 18:23:00.214  INFO 20316 --- [    Test worker] o.s.b.a.w.s.WelcomePageHandlerMapping    : Adding welcome page template: index
2020-07-23 18:23:00.707  INFO 20316 --- [    Test worker] s.a.ScheduledAnnotationBeanPostProcessor : No TaskScheduler/ScheduledExecutorService bean found for scheduled processing
2020-07-23 18:23:00.715  INFO 20316 --- [    Test worker] c.s.o.s.d.posts.PostsRepositoryTest      : Started PostsRepositoryTest in 5.767 seconds (JVM running for 8.795)
Hibernate: insert into posts (created_date, modified_date, author, content, title) values (?, ?, ?, ?, ?)
Hibernate: select posts0_.id as id1_0_, posts0_.created_date as created_2_0_, posts0_.modified_date as modified3_0_, posts0_.author as author4_0_, posts0_.content as content5_0_, posts0_.title as title6_0_ from posts posts0_
Hibernate: select posts0_.id as id1_0_, posts0_.created_date as created_2_0_, posts0_.modified_date as modified3_0_, posts0_.author as author4_0_, posts0_.content as content5_0_, posts0_.title as title6_0_ from posts posts0_
Hibernate: delete from posts where id=?
Hibernate: insert into posts (created_date, modified_date, author, content, title) values (?, ?, ?, ?, ?)
Hibernate: select posts0_.id as id1_0_, posts0_.created_date as created_2_0_, posts0_.modified_date as modified3_0_, posts0_.author as author4_0_, posts0_.content as content5_0_, posts0_.title as title6_0_ from posts posts0_
>>>>>>>>> createDate=2020-07-23T18:23:00.981, modifiedDate=2020-07-23T18:23:00.981
Hibernate: select posts0_.id as id1_0_, posts0_.created_date as created_2_0_, posts0_.modified_date as modified3_0_, posts0_.author as author4_0_, posts0_.content as content5_0_, posts0_.title as title6_0_ from posts posts0_
Hibernate: delete from posts where id=?
]]></system-out>
  <system-err><![CDATA[]]></system-err>
</testsuite>
