<?xml version="1.0" encoding="UTF-8"?>
<testsuite name="com.sleepz.onnoff.springboot.web.HelloControllerTest" tests="2" skipped="0" failures="0" errors="0" timestamp="2020-07-23T09:23:01" hostname="sleepz-office" time="0.14">
  <properties/>
  <testcase name="hello가_리턴된다" classname="com.sleepz.onnoff.springboot.web.HelloControllerTest" time="0.063"/>
  <testcase name="helloDto가_리턴된다" classname="com.sleepz.onnoff.springboot.web.HelloControllerTest" time="0.076"/>
  <system-out><![CDATA[2020-07-23 18:23:01.001  INFO 20316 --- [    Test worker] .b.t.a.w.s.WebMvcTestContextBootstrapper : Neither @ContextConfiguration nor @ContextHierarchy found for test class [com.sleepz.onnoff.springboot.web.HelloControllerTest], using SpringBootContextLoader
2020-07-23 18:23:01.002  INFO 20316 --- [    Test worker] o.s.t.c.support.AbstractContextLoader    : Could not detect default resource locations for test class [com.sleepz.onnoff.springboot.web.HelloControllerTest]: no resource found for suffixes {-context.xml, Context.groovy}.
2020-07-23 18:23:01.002  INFO 20316 --- [    Test worker] t.c.s.AnnotationConfigContextLoaderUtils : Could not detect default configuration classes for test class [com.sleepz.onnoff.springboot.web.HelloControllerTest]: HelloControllerTest does not declare any static, non-private, non-final, nested classes annotated with @Configuration.
2020-07-23 18:23:01.023  INFO 20316 --- [    Test worker] .b.t.c.SpringBootTestContextBootstrapper : Found @SpringBootConfiguration com.sleepz.onnoff.springboot.Application for test class com.sleepz.onnoff.springboot.web.HelloControllerTest
2020-07-23 18:23:01.023  INFO 20316 --- [    Test worker] .b.t.a.w.s.WebMvcTestContextBootstrapper : Loaded default TestExecutionListener class names from location [META-INF/spring.factories]: [org.springframework.security.test.context.support.WithSecurityContextTestExecutionListener, org.springframework.security.test.context.support.ReactorContextTestExecutionListener, org.springframework.boot.test.autoconfigure.restdocs.RestDocsTestExecutionListener, org.springframework.boot.test.autoconfigure.web.client.MockRestServiceServerResetTestExecutionListener, org.springframework.boot.test.autoconfigure.web.servlet.MockMvcPrintOnlyOnFailureTestExecutionListener, org.springframework.boot.test.autoconfigure.web.servlet.WebDriverTestExecutionListener, org.springframework.boot.test.mock.mockito.MockitoTestExecutionListener, org.springframework.boot.test.mock.mockito.ResetMocksTestExecutionListener, org.springframework.test.context.web.ServletTestExecutionListener, org.springframework.test.context.support.DirtiesContextBeforeModesTestExecutionListener, org.springframework.test.context.support.DependencyInjectionTestExecutionListener, org.springframework.test.context.support.DirtiesContextTestExecutionListener, org.springframework.test.context.transaction.TransactionalTestExecutionListener, org.springframework.test.context.jdbc.SqlScriptsTestExecutionListener]
2020-07-23 18:23:01.024  INFO 20316 --- [    Test worker] .b.t.a.w.s.WebMvcTestContextBootstrapper : Using TestExecutionListeners: [org.springframework.test.context.web.ServletTestExecutionListener@1a11cd5, org.springframework.test.context.support.DirtiesContextBeforeModesTestExecutionListener@b8fcdf, org.springframework.boot.test.mock.mockito.MockitoTestExecutionListener@1d7676b, org.springframework.boot.test.autoconfigure.SpringBootDependencyInjectionTestExecutionListener@1d593bd, org.springframework.test.context.support.DirtiesContextTestExecutionListener@57026, org.springframework.test.context.transaction.TransactionalTestExecutionListener@1d828fd, org.springframework.test.context.jdbc.SqlScriptsTestExecutionListener@134e9d2, org.springframework.security.test.context.support.WithSecurityContextTestExecutionListener@57c872, org.springframework.security.test.context.support.ReactorContextTestExecutionListener@1e81b1e, org.springframework.boot.test.autoconfigure.restdocs.RestDocsTestExecutionListener@125545e, org.springframework.boot.test.autoconfigure.web.client.MockRestServiceServerResetTestExecutionListener@16b4dd1, org.springframework.boot.test.autoconfigure.web.servlet.MockMvcPrintOnlyOnFailureTestExecutionListener@1791d56, org.springframework.boot.test.autoconfigure.web.servlet.WebDriverTestExecutionListener@8adacc, org.springframework.boot.test.mock.mockito.ResetMocksTestExecutionListener@1f6fd27]

  .   ____          _            __ _ _
 /\\ / ___'_ __ _ _(_)_ __  __ _ \ \ \ \
( ( )\___ | '_ | '_| | '_ \/ _` | \ \ \ \
 \\/  ___)| |_)| | | | | || (_| |  ) ) ) )
  '  |____| .__|_| |_|_| |_\__, | / / / /
 =========|_|==============|___/=/_/_/_/
 :: Spring Boot ::        (v2.1.9.RELEASE)

2020-07-23 18:23:01.053  INFO 20316 --- [    Test worker] c.s.o.s.web.HelloControllerTest          : Starting HelloControllerTest on sleepz-office with PID 20316 (started by sleepz in F:\spring\boottest)
2020-07-23 18:23:01.054  INFO 20316 --- [    Test worker] c.s.o.s.web.HelloControllerTest          : No active profile set, falling back to default profiles: default
2020-07-23 18:23:01.497  INFO 20316 --- [    Test worker] o.s.s.concurrent.ThreadPoolTaskExecutor  : Initializing ExecutorService 'applicationTaskExecutor'
2020-07-23 18:23:01.525  INFO 20316 --- [    Test worker] o.s.b.a.w.s.WelcomePageHandlerMapping    : Adding welcome page template: index
2020-07-23 18:23:01.698  INFO 20316 --- [    Test worker] .s.s.UserDetailsServiceAutoConfiguration : 

Using generated security password: 24e28879-2713-49ac-88f4-be92d577a367

2020-07-23 18:23:01.817  INFO 20316 --- [    Test worker] o.s.s.web.DefaultSecurityFilterChain     : Creating filter chain: any request, [org.springframework.security.web.context.request.async.WebAsyncManagerIntegrationFilter@dc8aee, org.springframework.security.web.context.SecurityContextPersistenceFilter@1a42d86, org.springframework.security.web.header.HeaderWriterFilter@1056b9, org.springframework.security.web.csrf.CsrfFilter@72105d, org.springframework.security.web.authentication.logout.LogoutFilter@19af671, org.springframework.security.web.authentication.UsernamePasswordAuthenticationFilter@17b315a, org.springframework.security.web.authentication.ui.DefaultLoginPageGeneratingFilter@dfe3d5, org.springframework.security.web.authentication.ui.DefaultLogoutPageGeneratingFilter@193fc18, org.springframework.security.web.authentication.www.BasicAuthenticationFilter@1531c9f, org.springframework.security.web.savedrequest.RequestCacheAwareFilter@46c606, org.springframework.security.web.servletapi.SecurityContextHolderAwareRequestFilter@2df929, org.springframework.security.web.authentication.AnonymousAuthenticationFilter@f5b951, org.springframework.security.web.session.SessionManagementFilter@1c579e, org.springframework.security.web.access.ExceptionTranslationFilter@1829d21, org.springframework.security.web.access.intercept.FilterSecurityInterceptor@4f58e]
2020-07-23 18:23:01.843  INFO 20316 --- [    Test worker] o.s.b.t.m.w.SpringBootMockServletContext : Initializing Spring TestDispatcherServlet ''
2020-07-23 18:23:01.844  INFO 20316 --- [    Test worker] o.s.t.web.servlet.TestDispatcherServlet  : Initializing Servlet ''
2020-07-23 18:23:01.854  INFO 20316 --- [    Test worker] o.s.t.web.servlet.TestDispatcherServlet  : Completed initialization in 10 ms
2020-07-23 18:23:01.880  INFO 20316 --- [    Test worker] c.s.o.s.web.HelloControllerTest          : Started HelloControllerTest in 0.854 seconds (JVM running for 9.96)
]]></system-out>
  <system-err><![CDATA[]]></system-err>
</testsuite>
